2018-07-02 11:13:02,736 [main] INFO  bizDataLogger- Server begin init
2018-07-02 11:16:52,063 [main] INFO  bizDataLogger- Server begin init
2018-07-02 11:18:04,204 [main] INFO  bizDataLogger- Server begin init
2018-07-02 11:26:01,902 [main] INFO  bizDataLogger- Server begin init
2018-07-02 11:26:07,377 [main] INFO  bizDataLogger- Server started. port=8099
2018-07-02 14:38:52,584 [main] INFO  bizDataLogger- Server begin init
2018-07-02 14:46:16,491 [main] INFO  bizDataLogger- Server begin init
2018-07-02 14:50:57,082 [main] INFO  bizDataLogger- Server begin init
2018-07-02 14:58:44,992 [main] INFO  bizDataLogger- Server begin init
2018-07-02 15:06:07,764 [main] INFO  bizDataLogger- Server begin init
2018-07-02 15:16:50,601 [main] INFO  bizDataLogger- Server begin init
2018-07-02 15:22:48,332 [main] INFO  bizDataLogger- Server begin init
2018-07-02 15:23:42,025 [main] INFO  bizDataLogger- Server begin init
2018-07-02 15:27:23,007 [main] INFO  bizDataLogger- Server begin init
2018-07-02 15:33:53,379 [main] INFO  bizDataLogger- Server begin init
2018-07-02 15:33:59,863 [main] INFO  bizDataLogger- Server started. port=8099
2018-07-02 15:44:41,306 [main] INFO  bizDataLogger- Server begin init
2018-07-02 15:44:47,814 [main] INFO  bizDataLogger- Server started. port=8099
2018-07-02 16:33:23,690 [main] INFO  bizDataLogger- Server begin init
2018-07-02 16:35:19,844 [main] INFO  bizDataLogger- Server begin init
2018-07-02 16:35:25,755 [main] INFO  bizDataLogger- Server started. port=8099
2018-07-02 16:35:26,824 [schedulerFactoryBean_Worker-1] INFO  bizDataLogger- 进入反射了=======================
2018-07-02 16:35:26,979 [schedulerFactoryBean_Worker-2] INFO  bizDataLogger- 进入反射了=======================
2018-07-02 16:35:30,239 [schedulerFactoryBean_Worker-1] INFO  bizDataLogger- 进入反射了=======================
2018-07-02 16:35:30,288 [schedulerFactoryBean_Worker-3] INFO  bizDataLogger- 进入反射了=======================
2018-07-02 16:35:35,064 [schedulerFactoryBean_Worker-4] INFO  bizDataLogger- 进入反射了=======================
2018-07-02 16:35:40,071 [schedulerFactoryBean_Worker-5] INFO  bizDataLogger- 进入反射了=======================
2018-07-02 16:35:40,238 [schedulerFactoryBean_Worker-6] INFO  bizDataLogger- 进入反射了=======================
2018-07-02 16:35:45,088 [schedulerFactoryBean_Worker-7] INFO  bizDataLogger- 进入反射了=======================
2018-07-02 16:35:50,128 [schedulerFactoryBean_Worker-8] INFO  bizDataLogger- 进入反射了=======================
2018-07-02 16:35:50,429 [schedulerFactoryBean_Worker-9] INFO  bizDataLogger- 进入反射了=======================
2018-07-02 16:35:55,145 [schedulerFactoryBean_Worker-10] INFO  bizDataLogger- 进入反射了=======================
2018-07-02 16:36:00,095 [schedulerFactoryBean_Worker-1] INFO  bizDataLogger- 进入反射了=======================
2018-07-02 16:36:00,189 [schedulerFactoryBean_Worker-2] INFO  bizDataLogger- 进入反射了=======================
2018-07-02 16:36:05,161 [schedulerFactoryBean_Worker-3] INFO  bizDataLogger- 进入反射了=======================
2018-07-02 16:36:10,117 [schedulerFactoryBean_Worker-2] INFO  bizDataLogger- 进入反射了=======================
2018-07-02 16:36:10,162 [schedulerFactoryBean_Worker-4] INFO  bizDataLogger- 进入反射了=======================
2018-07-02 16:36:15,111 [schedulerFactoryBean_Worker-3] INFO  bizDataLogger- 进入反射了=======================
2018-07-02 16:36:20,068 [schedulerFactoryBean_Worker-5] INFO  bizDataLogger- 进入反射了=======================
2018-07-02 16:36:20,211 [schedulerFactoryBean_Worker-4] INFO  bizDataLogger- 进入反射了=======================
2018-07-02 16:36:25,068 [schedulerFactoryBean_Worker-6] INFO  bizDataLogger- 进入反射了=======================
2018-07-02 16:36:30,144 [schedulerFactoryBean_Worker-7] INFO  bizDataLogger- 进入反射了=======================
2018-07-02 16:36:30,193 [schedulerFactoryBean_Worker-5] INFO  bizDataLogger- 进入反射了=======================
2018-07-02 16:36:35,069 [schedulerFactoryBean_Worker-6] INFO  bizDataLogger- 进入反射了=======================
2018-07-02 16:36:40,051 [schedulerFactoryBean_Worker-7] INFO  bizDataLogger- 进入反射了=======================
2018-07-02 16:36:40,201 [schedulerFactoryBean_Worker-8] INFO  bizDataLogger- 进入反射了=======================
2018-07-02 16:36:45,101 [schedulerFactoryBean_Worker-9] INFO  bizDataLogger- 进入反射了=======================
2018-07-02 16:36:50,068 [schedulerFactoryBean_Worker-10] INFO  bizDataLogger- 进入反射了=======================
2018-07-02 16:36:50,276 [schedulerFactoryBean_Worker-1] INFO  bizDataLogger- 进入反射了=======================
2018-07-02 16:36:55,069 [schedulerFactoryBean_Worker-2] INFO  bizDataLogger- 进入反射了=======================
2018-07-02 16:37:00,065 [schedulerFactoryBean_Worker-3] INFO  bizDataLogger- 进入反射了=======================
2018-07-02 16:37:00,108 [schedulerFactoryBean_Worker-8] INFO  bizDataLogger- 进入反射了=======================
2018-07-02 16:37:05,059 [schedulerFactoryBean_Worker-4] INFO  bizDataLogger- 进入反射了=======================
2018-07-02 16:39:40,744 [main] INFO  bizDataLogger- Server begin init
2018-07-02 16:39:46,269 [main] INFO  bizDataLogger- Server started. port=8099
2018-07-02 16:39:47,684 [schedulerFactoryBean_Worker-1] INFO  bizDataLogger- 进入反射了=======================
2018-07-02 16:39:47,691 [schedulerFactoryBean_Worker-1] ERROR bizDataLogger- 任务名称 = [myTest]---------------未启动成功，请检查是否配置正确！！！
2018-07-02 16:39:47,828 [schedulerFactoryBean_Worker-2] INFO  bizDataLogger- 进入反射了=======================
2018-07-02 16:39:47,842 [schedulerFactoryBean_Worker-2] ERROR bizDataLogger- 任务名称 = [myTest2]---------------未启动成功，请检查是否配置正确！！！
2018-07-02 16:48:39,952 [main] INFO  bizDataLogger- Server begin init
2018-07-02 16:48:45,490 [main] INFO  bizDataLogger- Server started. port=8099
2018-07-02 16:48:46,822 [schedulerFactoryBean_Worker-1] INFO  bizDataLogger- 进入反射了=======================
2018-07-02 16:48:46,847 [schedulerFactoryBean_Worker-1] INFO  bizDataLogger- 任务名称 = [myTest]----------启动成功
2018-07-02 16:48:46,979 [schedulerFactoryBean_Worker-2] INFO  bizDataLogger- 进入反射了=======================
2018-07-02 16:48:46,984 [schedulerFactoryBean_Worker-2] INFO  bizDataLogger- 任务名称 = [myTest2]----------启动成功
2018-07-02 16:48:50,298 [schedulerFactoryBean_Worker-1] INFO  bizDataLogger- 进入反射了=======================
2018-07-02 16:48:50,304 [schedulerFactoryBean_Worker-1] INFO  bizDataLogger- 任务名称 = [myTest2]----------启动成功
2018-07-02 16:48:50,345 [schedulerFactoryBean_Worker-3] INFO  bizDataLogger- 进入反射了=======================
2018-07-02 16:48:50,346 [schedulerFactoryBean_Worker-3] INFO  bizDataLogger- 任务名称 = [myTest]----------启动成功
2018-07-02 16:48:55,070 [schedulerFactoryBean_Worker-4] INFO  bizDataLogger- 进入反射了=======================
2018-07-02 16:48:55,072 [schedulerFactoryBean_Worker-4] INFO  bizDataLogger- 任务名称 = [myTest2]----------启动成功
2018-07-02 16:49:00,054 [schedulerFactoryBean_Worker-2] INFO  bizDataLogger- 进入反射了=======================
2018-07-02 16:49:00,056 [schedulerFactoryBean_Worker-2] INFO  bizDataLogger- 任务名称 = [myTest]----------启动成功
2018-07-02 16:49:00,104 [schedulerFactoryBean_Worker-5] INFO  bizDataLogger- 进入反射了=======================
2018-07-02 16:49:00,113 [schedulerFactoryBean_Worker-5] INFO  bizDataLogger- 任务名称 = [myTest2]----------启动成功
2018-07-02 16:49:05,078 [schedulerFactoryBean_Worker-3] INFO  bizDataLogger- 进入反射了=======================
2018-07-02 16:49:05,086 [schedulerFactoryBean_Worker-3] INFO  bizDataLogger- 任务名称 = [myTest2]----------启动成功
2018-07-02 16:49:10,070 [schedulerFactoryBean_Worker-4] INFO  bizDataLogger- 进入反射了=======================
2018-07-02 16:49:10,076 [schedulerFactoryBean_Worker-4] INFO  bizDataLogger- 任务名称 = [myTest2]----------启动成功
2018-07-02 16:49:10,120 [schedulerFactoryBean_Worker-6] INFO  bizDataLogger- 进入反射了=======================
2018-07-02 16:49:10,123 [schedulerFactoryBean_Worker-6] INFO  bizDataLogger- 任务名称 = [myTest]----------启动成功
2018-07-02 16:49:15,070 [schedulerFactoryBean_Worker-7] INFO  bizDataLogger- 进入反射了=======================
2018-07-02 16:49:15,076 [schedulerFactoryBean_Worker-7] INFO  bizDataLogger- 任务名称 = [myTest2]----------启动成功
2018-07-02 16:49:20,078 [schedulerFactoryBean_Worker-8] INFO  bizDataLogger- 进入反射了=======================
2018-07-02 16:49:20,084 [schedulerFactoryBean_Worker-8] INFO  bizDataLogger- 任务名称 = [myTest2]----------启动成功
2018-07-02 16:49:20,244 [schedulerFactoryBean_Worker-5] INFO  bizDataLogger- 进入反射了=======================
2018-07-02 16:49:20,248 [schedulerFactoryBean_Worker-5] INFO  bizDataLogger- 任务名称 = [myTest]----------启动成功
2018-07-02 16:49:25,076 [schedulerFactoryBean_Worker-6] INFO  bizDataLogger- 进入反射了=======================
2018-07-02 16:49:25,078 [schedulerFactoryBean_Worker-6] INFO  bizDataLogger- 任务名称 = [myTest2]----------启动成功
2018-07-02 17:15:15,964 [main] INFO  bizDataLogger- Server begin init
2018-07-02 17:15:21,654 [main] INFO  bizDataLogger- Server started. port=8099
2018-07-02 17:15:22,952 [schedulerFactoryBean_Worker-1] INFO  bizDataLogger- 进入反射了=======================
2018-07-02 17:15:22,980 [schedulerFactoryBean_Worker-1] INFO  bizDataLogger- 任务名称 = [myTest]----------启动成功
2018-07-02 17:15:23,144 [schedulerFactoryBean_Worker-2] INFO  bizDataLogger- 进入反射了=======================
2018-07-02 17:15:23,147 [schedulerFactoryBean_Worker-2] INFO  bizDataLogger- 任务名称 = [myTest2]----------启动成功
2018-07-02 17:15:25,095 [schedulerFactoryBean_Worker-3] INFO  bizDataLogger- 进入反射了=======================
2018-07-02 17:15:25,104 [schedulerFactoryBean_Worker-3] INFO  bizDataLogger- 任务名称 = [myTest2]----------启动成功
2018-07-02 17:15:30,069 [schedulerFactoryBean_Worker-4] INFO  bizDataLogger- 进入反射了=======================
2018-07-02 17:15:30,071 [schedulerFactoryBean_Worker-4] INFO  bizDataLogger- 任务名称 = [myTest2]----------启动成功
2018-07-02 17:15:30,120 [schedulerFactoryBean_Worker-1] INFO  bizDataLogger- 进入反射了=======================
2018-07-02 17:15:30,124 [schedulerFactoryBean_Worker-1] INFO  bizDataLogger- 任务名称 = [myTest]----------启动成功
2018-07-02 17:15:35,069 [schedulerFactoryBean_Worker-2] INFO  bizDataLogger- 进入反射了=======================
2018-07-02 17:15:35,070 [schedulerFactoryBean_Worker-2] INFO  bizDataLogger- 任务名称 = [myTest2]----------启动成功
2018-07-02 17:15:40,078 [schedulerFactoryBean_Worker-3] INFO  bizDataLogger- 进入反射了=======================
2018-07-02 17:15:40,085 [schedulerFactoryBean_Worker-3] INFO  bizDataLogger- 任务名称 = [myTest2]----------启动成功
2018-07-02 17:15:40,127 [schedulerFactoryBean_Worker-5] INFO  bizDataLogger- 进入反射了=======================
2018-07-02 17:15:40,141 [schedulerFactoryBean_Worker-5] INFO  bizDataLogger- 任务名称 = [myTest]----------启动成功
2018-07-02 17:15:45,077 [schedulerFactoryBean_Worker-6] INFO  bizDataLogger- 进入反射了=======================
2018-07-02 17:15:45,083 [schedulerFactoryBean_Worker-6] INFO  bizDataLogger- 任务名称 = [myTest2]----------启动成功
2018-07-02 17:15:50,069 [schedulerFactoryBean_Worker-4] INFO  bizDataLogger- 进入反射了=======================
2018-07-02 17:15:50,073 [schedulerFactoryBean_Worker-4] INFO  bizDataLogger- 任务名称 = [myTest]----------启动成功
2018-07-02 17:15:50,118 [schedulerFactoryBean_Worker-7] INFO  bizDataLogger- 进入反射了=======================
2018-07-02 17:15:50,123 [schedulerFactoryBean_Worker-7] INFO  bizDataLogger- 任务名称 = [myTest2]----------启动成功
2018-07-02 17:15:55,126 [schedulerFactoryBean_Worker-5] INFO  bizDataLogger- 进入反射了=======================
2018-07-02 17:15:55,130 [schedulerFactoryBean_Worker-5] INFO  bizDataLogger- 任务名称 = [myTest2]----------启动成功
2018-07-02 17:16:00,075 [schedulerFactoryBean_Worker-8] INFO  bizDataLogger- 进入反射了=======================
2018-07-02 17:16:00,077 [schedulerFactoryBean_Worker-8] INFO  bizDataLogger- 任务名称 = [myTest]----------启动成功
2018-07-02 17:16:00,126 [schedulerFactoryBean_Worker-6] INFO  bizDataLogger- 进入反射了=======================
2018-07-02 17:16:00,136 [schedulerFactoryBean_Worker-6] INFO  bizDataLogger- 任务名称 = [myTest2]----------启动成功
2018-07-02 17:16:05,066 [schedulerFactoryBean_Worker-9] INFO  bizDataLogger- 进入反射了=======================
2018-07-02 17:16:05,067 [schedulerFactoryBean_Worker-9] INFO  bizDataLogger- 任务名称 = [myTest2]----------启动成功
2018-07-02 17:16:10,059 [schedulerFactoryBean_Worker-10] INFO  bizDataLogger- 进入反射了=======================
2018-07-02 17:16:10,061 [schedulerFactoryBean_Worker-10] INFO  bizDataLogger- 任务名称 = [myTest2]----------启动成功
2018-07-02 17:16:10,208 [schedulerFactoryBean_Worker-7] INFO  bizDataLogger- 进入反射了=======================
2018-07-02 17:16:10,215 [schedulerFactoryBean_Worker-7] INFO  bizDataLogger- 任务名称 = [myTest]----------启动成功
2018-07-02 17:16:15,076 [schedulerFactoryBean_Worker-8] INFO  bizDataLogger- 进入反射了=======================
2018-07-02 17:16:15,081 [schedulerFactoryBean_Worker-8] INFO  bizDataLogger- 任务名称 = [myTest2]----------启动成功
2018-07-02 17:16:20,058 [schedulerFactoryBean_Worker-9] INFO  bizDataLogger- 进入反射了=======================
2018-07-02 17:16:20,060 [schedulerFactoryBean_Worker-9] INFO  bizDataLogger- 任务名称 = [myTest]----------启动成功
2018-07-02 17:16:20,244 [schedulerFactoryBean_Worker-10] INFO  bizDataLogger- 进入反射了=======================
2018-07-02 17:16:20,257 [schedulerFactoryBean_Worker-10] INFO  bizDataLogger- 任务名称 = [myTest2]----------启动成功
2018-07-02 17:16:25,192 [schedulerFactoryBean_Worker-1] INFO  bizDataLogger- 进入反射了=======================
2018-07-02 17:16:25,196 [schedulerFactoryBean_Worker-1] INFO  bizDataLogger- 任务名称 = [myTest2]----------启动成功
2018-07-02 17:18:58,139 [main] INFO  bizDataLogger- Server begin init
2018-07-02 17:19:03,490 [main] INFO  bizDataLogger- Server started. port=8099
2018-07-02 17:19:04,966 [schedulerFactoryBean_Worker-1] INFO  bizDataLogger- 进入反射了=======================
2018-07-02 17:19:05,007 [schedulerFactoryBean_Worker-1] INFO  bizDataLogger- 任务名称 = [myTest]----------启动成功
2018-07-02 17:19:05,118 [schedulerFactoryBean_Worker-2] INFO  bizDataLogger- 进入反射了=======================
2018-07-02 17:19:05,121 [schedulerFactoryBean_Worker-2] INFO  bizDataLogger- 任务名称 = [myTest2]----------启动成功
2018-07-02 17:19:05,392 [schedulerFactoryBean_Worker-3] INFO  bizDataLogger- 进入反射了=======================
2018-07-02 17:19:05,403 [schedulerFactoryBean_Worker-3] INFO  bizDataLogger- 任务名称 = [myTest2]----------启动成功
2018-07-02 17:19:10,074 [schedulerFactoryBean_Worker-4] INFO  bizDataLogger- 进入反射了=======================
2018-07-02 17:19:10,079 [schedulerFactoryBean_Worker-4] INFO  bizDataLogger- 任务名称 = [myTest]----------启动成功
2018-07-02 17:19:10,116 [schedulerFactoryBean_Worker-1] INFO  bizDataLogger- 进入反射了=======================
2018-07-02 17:19:10,119 [schedulerFactoryBean_Worker-1] INFO  bizDataLogger- 任务名称 = [myTest2]----------启动成功
2018-07-02 17:19:15,083 [schedulerFactoryBean_Worker-5] INFO  bizDataLogger- 进入反射了=======================
2018-07-02 17:19:15,088 [schedulerFactoryBean_Worker-5] INFO  bizDataLogger- 任务名称 = [myTest2]----------启动成功
2018-07-02 17:19:20,057 [schedulerFactoryBean_Worker-6] INFO  bizDataLogger- 进入反射了=======================
2018-07-02 17:19:20,061 [schedulerFactoryBean_Worker-6] INFO  bizDataLogger- 任务名称 = [myTest2]----------启动成功
2018-07-02 17:19:20,100 [schedulerFactoryBean_Worker-2] INFO  bizDataLogger- 进入反射了=======================
2018-07-02 17:19:20,104 [schedulerFactoryBean_Worker-2] INFO  bizDataLogger- 任务名称 = [myTest]----------启动成功
2018-07-02 17:19:25,048 [schedulerFactoryBean_Worker-3] INFO  bizDataLogger- 进入反射了=======================
2018-07-02 17:19:25,050 [schedulerFactoryBean_Worker-3] INFO  bizDataLogger- 任务名称 = [myTest2]----------启动成功
2018-07-02 17:19:30,065 [schedulerFactoryBean_Worker-7] INFO  bizDataLogger- 进入反射了=======================
2018-07-02 17:19:30,066 [schedulerFactoryBean_Worker-7] INFO  bizDataLogger- 任务名称 = [myTest]----------启动成功
2018-07-02 17:19:30,107 [schedulerFactoryBean_Worker-4] INFO  bizDataLogger- 进入反射了=======================
2018-07-02 17:19:30,111 [schedulerFactoryBean_Worker-4] INFO  bizDataLogger- 任务名称 = [myTest2]----------启动成功
2018-07-02 17:19:35,140 [schedulerFactoryBean_Worker-8] INFO  bizDataLogger- 进入反射了=======================
2018-07-02 17:19:35,141 [schedulerFactoryBean_Worker-8] INFO  bizDataLogger- 任务名称 = [myTest2]----------启动成功
2018-07-02 17:19:40,132 [schedulerFactoryBean_Worker-9] INFO  bizDataLogger- 进入反射了=======================
2018-07-02 17:19:40,139 [schedulerFactoryBean_Worker-9] INFO  bizDataLogger- 任务名称 = [myTest2]----------启动成功
2018-07-02 17:19:40,173 [schedulerFactoryBean_Worker-5] INFO  bizDataLogger- 进入反射了=======================
2018-07-02 17:19:40,174 [schedulerFactoryBean_Worker-5] INFO  bizDataLogger- 任务名称 = [myTest]----------启动成功
2018-07-02 17:20:51,428 [main] INFO  bizDataLogger- Server begin init
2018-07-02 17:20:56,084 [main] INFO  bizDataLogger- Server started. port=8099
2018-07-02 17:20:58,271 [schedulerFactoryBean_Worker-1] INFO  bizDataLogger- 进入反射了=======================
2018-07-02 17:20:58,296 [schedulerFactoryBean_Worker-1] INFO  bizDataLogger- 任务名称 = [myTest]----------启动成功
2018-07-02 17:20:58,402 [schedulerFactoryBean_Worker-2] INFO  bizDataLogger- 进入反射了=======================
2018-07-02 17:20:58,403 [schedulerFactoryBean_Worker-2] INFO  bizDataLogger- 任务名称 = [myTest2]----------启动成功
2018-07-02 17:21:00,076 [schedulerFactoryBean_Worker-3] INFO  bizDataLogger- 进入反射了=======================
2018-07-02 17:21:00,078 [schedulerFactoryBean_Worker-3] INFO  bizDataLogger- 任务名称 = [myTest]----------启动成功
2018-07-02 17:21:00,294 [schedulerFactoryBean_Worker-4] INFO  bizDataLogger- 进入反射了=======================
2018-07-02 17:21:00,295 [schedulerFactoryBean_Worker-4] INFO  bizDataLogger- 任务名称 = [myTest2]----------启动成功
2018-07-02 17:21:05,060 [schedulerFactoryBean_Worker-5] INFO  bizDataLogger- 进入反射了=======================
2018-07-02 17:21:05,072 [schedulerFactoryBean_Worker-5] INFO  bizDataLogger- 任务名称 = [myTest2]----------启动成功
2018-07-02 17:21:10,110 [schedulerFactoryBean_Worker-6] INFO  bizDataLogger- 进入反射了=======================
2018-07-02 17:21:10,114 [schedulerFactoryBean_Worker-6] INFO  bizDataLogger- 任务名称 = [myTest]----------启动成功
2018-07-02 17:21:10,294 [schedulerFactoryBean_Worker-7] INFO  bizDataLogger- 进入反射了=======================
2018-07-02 17:21:10,302 [schedulerFactoryBean_Worker-7] INFO  bizDataLogger- 任务名称 = [myTest2]----------启动成功
2018-07-02 17:21:15,077 [schedulerFactoryBean_Worker-8] INFO  bizDataLogger- 进入反射了=======================
2018-07-02 17:21:15,082 [schedulerFactoryBean_Worker-8] INFO  bizDataLogger- 任务名称 = [myTest2]----------启动成功
2018-07-02 17:21:20,101 [schedulerFactoryBean_Worker-9] INFO  bizDataLogger- 进入反射了=======================
2018-07-02 17:21:20,107 [schedulerFactoryBean_Worker-9] INFO  bizDataLogger- 任务名称 = [myTest]----------启动成功
2018-07-02 17:21:20,351 [schedulerFactoryBean_Worker-10] INFO  bizDataLogger- 进入反射了=======================
2018-07-02 17:21:20,370 [schedulerFactoryBean_Worker-10] INFO  bizDataLogger- 任务名称 = [myTest2]----------启动成功
2018-07-02 17:21:25,076 [schedulerFactoryBean_Worker-1] INFO  bizDataLogger- 进入反射了=======================
2018-07-02 17:21:25,084 [schedulerFactoryBean_Worker-1] INFO  bizDataLogger- 任务名称 = [myTest2]----------启动成功
2018-07-02 17:21:30,050 [schedulerFactoryBean_Worker-2] INFO  bizDataLogger- 进入反射了=======================
2018-07-02 17:21:30,052 [schedulerFactoryBean_Worker-2] INFO  bizDataLogger- 任务名称 = [myTest]----------启动成功
2018-07-02 17:21:30,242 [schedulerFactoryBean_Worker-3] INFO  bizDataLogger- 进入反射了=======================
2018-07-02 17:21:30,251 [schedulerFactoryBean_Worker-3] INFO  bizDataLogger- 任务名称 = [myTest2]----------启动成功
2018-07-02 17:21:35,058 [schedulerFactoryBean_Worker-4] INFO  bizDataLogger- 进入反射了=======================
2018-07-02 17:21:35,060 [schedulerFactoryBean_Worker-4] INFO  bizDataLogger- 任务名称 = [myTest2]----------启动成功
2018-07-02 17:21:40,049 [schedulerFactoryBean_Worker-5] INFO  bizDataLogger- 进入反射了=======================
2018-07-02 17:21:40,051 [schedulerFactoryBean_Worker-5] INFO  bizDataLogger- 任务名称 = [myTest]----------启动成功
2018-07-02 17:21:40,243 [schedulerFactoryBean_Worker-6] INFO  bizDataLogger- 进入反射了=======================
2018-07-02 17:21:40,248 [schedulerFactoryBean_Worker-6] INFO  bizDataLogger- 任务名称 = [myTest2]----------启动成功
2018-07-02 17:21:45,074 [schedulerFactoryBean_Worker-7] INFO  bizDataLogger- 进入反射了=======================
2018-07-02 17:21:45,101 [schedulerFactoryBean_Worker-7] INFO  bizDataLogger- 任务名称 = [myTest2]----------启动成功
2018-07-02 17:21:50,075 [schedulerFactoryBean_Worker-8] INFO  bizDataLogger- 进入反射了=======================
2018-07-02 17:21:50,079 [schedulerFactoryBean_Worker-8] INFO  bizDataLogger- 任务名称 = [myTest]----------启动成功
2018-07-02 17:21:50,233 [schedulerFactoryBean_Worker-9] INFO  bizDataLogger- 进入反射了=======================
2018-07-02 17:21:50,240 [schedulerFactoryBean_Worker-9] INFO  bizDataLogger- 任务名称 = [myTest2]----------启动成功
2018-07-02 17:21:55,099 [schedulerFactoryBean_Worker-10] INFO  bizDataLogger- 进入反射了=======================
2018-07-02 17:21:55,107 [schedulerFactoryBean_Worker-10] INFO  bizDataLogger- 任务名称 = [myTest2]----------启动成功
2018-07-02 17:22:00,224 [schedulerFactoryBean_Worker-1] INFO  bizDataLogger- 进入反射了=======================
2018-07-02 17:22:00,235 [schedulerFactoryBean_Worker-1] INFO  bizDataLogger- 任务名称 = [myTest]----------启动成功
2018-07-02 17:22:00,423 [schedulerFactoryBean_Worker-2] INFO  bizDataLogger- 进入反射了=======================
2018-07-02 17:22:00,424 [schedulerFactoryBean_Worker-2] INFO  bizDataLogger- 任务名称 = [myTest2]----------启动成功
2018-07-02 17:22:05,066 [schedulerFactoryBean_Worker-3] INFO  bizDataLogger- 进入反射了=======================
2018-07-02 17:22:05,076 [schedulerFactoryBean_Worker-3] INFO  bizDataLogger- 任务名称 = [myTest2]----------启动成功
2018-07-02 17:22:10,065 [schedulerFactoryBean_Worker-4] INFO  bizDataLogger- 进入反射了=======================
2018-07-02 17:22:10,068 [schedulerFactoryBean_Worker-4] INFO  bizDataLogger- 任务名称 = [myTest]----------启动成功
2018-07-02 17:22:10,232 [schedulerFactoryBean_Worker-5] INFO  bizDataLogger- 进入反射了=======================
2018-07-02 17:22:10,249 [schedulerFactoryBean_Worker-5] INFO  bizDataLogger- 任务名称 = [myTest2]----------启动成功
2018-07-02 17:22:15,066 [schedulerFactoryBean_Worker-6] INFO  bizDataLogger- 进入反射了=======================
2018-07-02 17:22:15,070 [schedulerFactoryBean_Worker-6] INFO  bizDataLogger- 任务名称 = [myTest2]----------启动成功
2018-07-02 17:22:20,063 [schedulerFactoryBean_Worker-7] INFO  bizDataLogger- 进入反射了=======================
2018-07-02 17:22:20,064 [schedulerFactoryBean_Worker-7] INFO  bizDataLogger- 任务名称 = [myTest]----------启动成功
2018-07-02 17:22:20,215 [schedulerFactoryBean_Worker-8] INFO  bizDataLogger- 进入反射了=======================
2018-07-02 17:22:20,217 [schedulerFactoryBean_Worker-8] INFO  bizDataLogger- 任务名称 = [myTest2]----------启动成功
2018-07-02 17:22:25,190 [schedulerFactoryBean_Worker-9] INFO  bizDataLogger- 进入反射了=======================
2018-07-02 17:22:25,201 [schedulerFactoryBean_Worker-9] INFO  bizDataLogger- 任务名称 = [myTest2]----------启动成功
2018-07-02 17:22:30,056 [schedulerFactoryBean_Worker-10] INFO  bizDataLogger- 进入反射了=======================
2018-07-02 17:22:30,063 [schedulerFactoryBean_Worker-10] INFO  bizDataLogger- 任务名称 = [myTest]----------启动成功
2018-07-02 17:22:30,214 [schedulerFactoryBean_Worker-1] INFO  bizDataLogger- 进入反射了=======================
2018-07-02 17:22:30,221 [schedulerFactoryBean_Worker-1] INFO  bizDataLogger- 任务名称 = [myTest2]----------启动成功
2018-07-02 17:22:35,071 [schedulerFactoryBean_Worker-2] INFO  bizDataLogger- 进入反射了=======================
2018-07-02 17:22:35,078 [schedulerFactoryBean_Worker-2] INFO  bizDataLogger- 任务名称 = [myTest2]----------启动成功
2018-07-02 17:22:40,065 [schedulerFactoryBean_Worker-3] INFO  bizDataLogger- 进入反射了=======================
2018-07-02 17:22:40,069 [schedulerFactoryBean_Worker-3] INFO  bizDataLogger- 任务名称 = [myTest]----------启动成功
2018-07-02 17:22:40,272 [schedulerFactoryBean_Worker-4] INFO  bizDataLogger- 进入反射了=======================
2018-07-02 17:22:40,276 [schedulerFactoryBean_Worker-4] INFO  bizDataLogger- 任务名称 = [myTest2]----------启动成功
2018-07-02 17:22:45,169 [schedulerFactoryBean_Worker-5] INFO  bizDataLogger- 进入反射了=======================
2018-07-02 17:22:45,173 [schedulerFactoryBean_Worker-5] INFO  bizDataLogger- 任务名称 = [myTest2]----------启动成功
2018-07-02 17:22:50,071 [schedulerFactoryBean_Worker-6] INFO  bizDataLogger- 进入反射了=======================
2018-07-02 17:22:50,075 [schedulerFactoryBean_Worker-6] INFO  bizDataLogger- 任务名称 = [myTest]----------启动成功
2018-07-02 17:22:50,229 [schedulerFactoryBean_Worker-7] INFO  bizDataLogger- 进入反射了=======================
2018-07-02 17:22:50,264 [schedulerFactoryBean_Worker-7] INFO  bizDataLogger- 任务名称 = [myTest2]----------启动成功
2018-07-02 17:22:55,055 [schedulerFactoryBean_Worker-8] INFO  bizDataLogger- 进入反射了=======================
2018-07-02 17:22:55,058 [schedulerFactoryBean_Worker-8] INFO  bizDataLogger- 任务名称 = [myTest2]----------启动成功
2018-07-02 17:23:00,053 [schedulerFactoryBean_Worker-9] INFO  bizDataLogger- 进入反射了=======================
2018-07-02 17:23:00,054 [schedulerFactoryBean_Worker-9] INFO  bizDataLogger- 任务名称 = [myTest]----------启动成功
2018-07-02 17:23:00,205 [schedulerFactoryBean_Worker-10] INFO  bizDataLogger- 进入反射了=======================
2018-07-02 17:23:00,219 [schedulerFactoryBean_Worker-10] INFO  bizDataLogger- 任务名称 = [myTest2]----------启动成功
2018-07-02 17:23:05,117 [schedulerFactoryBean_Worker-1] INFO  bizDataLogger- 进入反射了=======================
2018-07-02 17:23:05,121 [schedulerFactoryBean_Worker-1] INFO  bizDataLogger- 任务名称 = [myTest2]----------启动成功
2018-07-02 17:23:10,062 [schedulerFactoryBean_Worker-2] INFO  bizDataLogger- 进入反射了=======================
2018-07-02 17:23:10,071 [schedulerFactoryBean_Worker-2] INFO  bizDataLogger- 任务名称 = [myTest]----------启动成功
2018-07-02 17:23:10,220 [schedulerFactoryBean_Worker-3] INFO  bizDataLogger- 进入反射了=======================
2018-07-02 17:23:10,227 [schedulerFactoryBean_Worker-3] INFO  bizDataLogger- 任务名称 = [myTest2]----------启动成功
2018-07-02 17:23:15,061 [schedulerFactoryBean_Worker-4] INFO  bizDataLogger- 进入反射了=======================
2018-07-02 17:23:15,062 [schedulerFactoryBean_Worker-4] INFO  bizDataLogger- 任务名称 = [myTest2]----------启动成功
2018-07-02 17:23:20,162 [schedulerFactoryBean_Worker-5] INFO  bizDataLogger- 进入反射了=======================
2018-07-02 17:23:20,165 [schedulerFactoryBean_Worker-5] INFO  bizDataLogger- 任务名称 = [myTest]----------启动成功
2018-07-02 17:23:20,319 [schedulerFactoryBean_Worker-6] INFO  bizDataLogger- 进入反射了=======================
2018-07-02 17:23:20,323 [schedulerFactoryBean_Worker-6] INFO  bizDataLogger- 任务名称 = [myTest2]----------启动成功
2018-07-02 17:23:25,112 [schedulerFactoryBean_Worker-7] INFO  bizDataLogger- 进入反射了=======================
2018-07-02 17:23:25,122 [schedulerFactoryBean_Worker-7] INFO  bizDataLogger- 任务名称 = [myTest2]----------启动成功
2018-07-02 17:23:30,045 [schedulerFactoryBean_Worker-8] INFO  bizDataLogger- 进入反射了=======================
2018-07-02 17:23:30,051 [schedulerFactoryBean_Worker-8] INFO  bizDataLogger- 任务名称 = [myTest]----------启动成功
2018-07-02 17:23:30,193 [schedulerFactoryBean_Worker-9] INFO  bizDataLogger- 进入反射了=======================
2018-07-02 17:23:30,194 [schedulerFactoryBean_Worker-9] INFO  bizDataLogger- 任务名称 = [myTest2]----------启动成功
2018-07-02 17:23:35,061 [schedulerFactoryBean_Worker-10] INFO  bizDataLogger- 进入反射了=======================
2018-07-02 17:23:35,065 [schedulerFactoryBean_Worker-10] INFO  bizDataLogger- 任务名称 = [myTest2]----------启动成功
2018-07-02 17:23:40,060 [schedulerFactoryBean_Worker-1] INFO  bizDataLogger- 进入反射了=======================
2018-07-02 17:23:40,063 [schedulerFactoryBean_Worker-1] INFO  bizDataLogger- 任务名称 = [myTest]----------启动成功
2018-07-02 17:23:40,201 [schedulerFactoryBean_Worker-2] INFO  bizDataLogger- 进入反射了=======================
2018-07-02 17:23:40,202 [schedulerFactoryBean_Worker-2] INFO  bizDataLogger- 任务名称 = [myTest2]----------启动成功
2018-07-02 17:23:45,075 [schedulerFactoryBean_Worker-3] INFO  bizDataLogger- 进入反射了=======================
2018-07-02 17:23:45,077 [schedulerFactoryBean_Worker-3] INFO  bizDataLogger- 任务名称 = [myTest2]----------启动成功
2018-07-02 17:23:50,051 [schedulerFactoryBean_Worker-4] INFO  bizDataLogger- 进入反射了=======================
2018-07-02 17:23:50,053 [schedulerFactoryBean_Worker-4] INFO  bizDataLogger- 任务名称 = [myTest]----------启动成功
2018-07-02 17:23:50,189 [schedulerFactoryBean_Worker-5] INFO  bizDataLogger- 进入反射了=======================
2018-07-02 17:23:50,199 [schedulerFactoryBean_Worker-5] INFO  bizDataLogger- 任务名称 = [myTest2]----------启动成功
2018-07-02 17:23:55,059 [schedulerFactoryBean_Worker-6] INFO  bizDataLogger- 进入反射了=======================
2018-07-02 17:23:55,060 [schedulerFactoryBean_Worker-6] INFO  bizDataLogger- 任务名称 = [myTest2]----------启动成功
2018-07-02 17:24:00,142 [schedulerFactoryBean_Worker-7] INFO  bizDataLogger- 进入反射了=======================
2018-07-02 17:24:00,146 [schedulerFactoryBean_Worker-7] INFO  bizDataLogger- 任务名称 = [myTest]----------启动成功
2018-07-02 17:24:00,285 [schedulerFactoryBean_Worker-8] INFO  bizDataLogger- 进入反射了=======================
2018-07-02 17:24:00,297 [schedulerFactoryBean_Worker-8] INFO  bizDataLogger- 任务名称 = [myTest2]----------启动成功
2018-07-02 17:24:05,126 [schedulerFactoryBean_Worker-9] INFO  bizDataLogger- 进入反射了=======================
2018-07-02 17:24:05,133 [schedulerFactoryBean_Worker-9] INFO  bizDataLogger- 任务名称 = [myTest2]----------启动成功
2018-07-02 17:24:10,067 [schedulerFactoryBean_Worker-10] INFO  bizDataLogger- 进入反射了=======================
2018-07-02 17:24:10,071 [schedulerFactoryBean_Worker-10] INFO  bizDataLogger- 任务名称 = [myTest]----------启动成功
2018-07-02 17:24:10,207 [schedulerFactoryBean_Worker-1] INFO  bizDataLogger- 进入反射了=======================
2018-07-02 17:24:10,208 [schedulerFactoryBean_Worker-1] INFO  bizDataLogger- 任务名称 = [myTest2]----------启动成功
2018-07-02 17:24:15,058 [schedulerFactoryBean_Worker-2] INFO  bizDataLogger- 进入反射了=======================
2018-07-02 17:24:15,062 [schedulerFactoryBean_Worker-2] INFO  bizDataLogger- 任务名称 = [myTest2]----------启动成功
2018-07-02 17:24:20,062 [schedulerFactoryBean_Worker-3] INFO  bizDataLogger- 进入反射了=======================
2018-07-02 17:24:20,075 [schedulerFactoryBean_Worker-3] INFO  bizDataLogger- 任务名称 = [myTest]----------启动成功
2018-07-02 17:24:20,200 [schedulerFactoryBean_Worker-4] INFO  bizDataLogger- 进入反射了=======================
2018-07-02 17:24:20,207 [schedulerFactoryBean_Worker-4] INFO  bizDataLogger- 任务名称 = [myTest2]----------启动成功
2018-07-02 17:24:25,066 [schedulerFactoryBean_Worker-5] INFO  bizDataLogger- 进入反射了=======================
2018-07-02 17:24:25,067 [schedulerFactoryBean_Worker-5] INFO  bizDataLogger- 任务名称 = [myTest2]----------启动成功
2018-07-02 17:24:30,057 [schedulerFactoryBean_Worker-6] INFO  bizDataLogger- 进入反射了=======================
2018-07-02 17:24:30,058 [schedulerFactoryBean_Worker-6] INFO  bizDataLogger- 任务名称 = [myTest]----------启动成功
2018-07-02 17:24:30,199 [schedulerFactoryBean_Worker-7] INFO  bizDataLogger- 进入反射了=======================
2018-07-02 17:24:30,218 [schedulerFactoryBean_Worker-7] INFO  bizDataLogger- 任务名称 = [myTest2]----------启动成功
2018-07-02 17:24:35,067 [schedulerFactoryBean_Worker-8] INFO  bizDataLogger- 进入反射了=======================
2018-07-02 17:24:35,071 [schedulerFactoryBean_Worker-8] INFO  bizDataLogger- 任务名称 = [myTest2]----------启动成功
2018-07-02 17:24:40,067 [schedulerFactoryBean_Worker-9] INFO  bizDataLogger- 进入反射了=======================
2018-07-02 17:24:40,075 [schedulerFactoryBean_Worker-9] INFO  bizDataLogger- 任务名称 = [myTest]----------启动成功
2018-07-02 17:24:40,223 [schedulerFactoryBean_Worker-10] INFO  bizDataLogger- 进入反射了=======================
2018-07-02 17:24:40,226 [schedulerFactoryBean_Worker-10] INFO  bizDataLogger- 任务名称 = [myTest2]----------启动成功
2018-07-02 17:24:45,065 [schedulerFactoryBean_Worker-1] INFO  bizDataLogger- 进入反射了=======================
2018-07-02 17:24:45,066 [schedulerFactoryBean_Worker-1] INFO  bizDataLogger- 任务名称 = [myTest2]----------启动成功
2018-07-02 17:24:50,206 [schedulerFactoryBean_Worker-2] INFO  bizDataLogger- 进入反射了=======================
2018-07-02 17:24:50,219 [schedulerFactoryBean_Worker-2] INFO  bizDataLogger- 任务名称 = [myTest]----------启动成功
2018-07-02 17:24:50,465 [schedulerFactoryBean_Worker-3] INFO  bizDataLogger- 进入反射了=======================
2018-07-02 17:24:50,469 [schedulerFactoryBean_Worker-3] INFO  bizDataLogger- 任务名称 = [myTest2]----------启动成功
2018-07-02 17:24:55,065 [schedulerFactoryBean_Worker-4] INFO  bizDataLogger- 进入反射了=======================
2018-07-02 17:24:55,071 [schedulerFactoryBean_Worker-4] INFO  bizDataLogger- 任务名称 = [myTest2]----------启动成功
2018-07-02 17:25:00,055 [schedulerFactoryBean_Worker-5] INFO  bizDataLogger- 进入反射了=======================
2018-07-02 17:25:00,056 [schedulerFactoryBean_Worker-5] INFO  bizDataLogger- 任务名称 = [myTest]----------启动成功
2018-07-02 17:25:00,305 [schedulerFactoryBean_Worker-6] INFO  bizDataLogger- 进入反射了=======================
2018-07-02 17:25:00,306 [schedulerFactoryBean_Worker-6] INFO  bizDataLogger- 任务名称 = [myTest2]----------启动成功
2018-07-02 17:25:05,073 [schedulerFactoryBean_Worker-7] INFO  bizDataLogger- 进入反射了=======================
2018-07-02 17:25:05,076 [schedulerFactoryBean_Worker-7] INFO  bizDataLogger- 任务名称 = [myTest2]----------启动成功
2018-07-02 17:25:10,080 [schedulerFactoryBean_Worker-8] INFO  bizDataLogger- 进入反射了=======================
2018-07-02 17:25:10,093 [schedulerFactoryBean_Worker-8] INFO  bizDataLogger- 任务名称 = [myTest]----------启动成功
2018-07-02 17:25:10,239 [schedulerFactoryBean_Worker-9] INFO  bizDataLogger- 进入反射了=======================
2018-07-02 17:25:10,243 [schedulerFactoryBean_Worker-9] INFO  bizDataLogger- 任务名称 = [myTest2]----------启动成功
2018-07-02 17:25:15,113 [schedulerFactoryBean_Worker-10] INFO  bizDataLogger- 进入反射了=======================
2018-07-02 17:25:15,114 [schedulerFactoryBean_Worker-10] INFO  bizDataLogger- 任务名称 = [myTest2]----------启动成功
2018-07-02 17:25:20,063 [schedulerFactoryBean_Worker-1] INFO  bizDataLogger- 进入反射了=======================
2018-07-02 17:25:20,064 [schedulerFactoryBean_Worker-1] INFO  bizDataLogger- 任务名称 = [myTest]----------启动成功
2018-07-02 17:25:20,230 [schedulerFactoryBean_Worker-2] INFO  bizDataLogger- 进入反射了=======================
2018-07-02 17:25:20,231 [schedulerFactoryBean_Worker-2] INFO  bizDataLogger- 任务名称 = [myTest2]----------启动成功
2018-07-02 17:25:25,121 [schedulerFactoryBean_Worker-3] INFO  bizDataLogger- 进入反射了=======================
2018-07-02 17:25:25,133 [schedulerFactoryBean_Worker-3] INFO  bizDataLogger- 任务名称 = [myTest2]----------启动成功
2018-07-02 17:25:30,104 [schedulerFactoryBean_Worker-4] INFO  bizDataLogger- 进入反射了=======================
2018-07-02 17:25:30,107 [schedulerFactoryBean_Worker-4] INFO  bizDataLogger- 任务名称 = [myTest]----------启动成功
2018-07-02 17:25:30,304 [schedulerFactoryBean_Worker-5] INFO  bizDataLogger- 进入反射了=======================
2018-07-02 17:25:30,311 [schedulerFactoryBean_Worker-5] INFO  bizDataLogger- 任务名称 = [myTest2]----------启动成功
2018-07-02 17:25:35,045 [schedulerFactoryBean_Worker-6] INFO  bizDataLogger- 进入反射了=======================
2018-07-02 17:25:35,048 [schedulerFactoryBean_Worker-6] INFO  bizDataLogger- 任务名称 = [myTest2]----------启动成功
2018-07-02 17:25:40,054 [schedulerFactoryBean_Worker-7] INFO  bizDataLogger- 进入反射了=======================
2018-07-02 17:25:40,057 [schedulerFactoryBean_Worker-7] INFO  bizDataLogger- 任务名称 = [myTest]----------启动成功
2018-07-02 17:25:40,203 [schedulerFactoryBean_Worker-8] INFO  bizDataLogger- 进入反射了=======================
2018-07-02 17:25:40,204 [schedulerFactoryBean_Worker-8] INFO  bizDataLogger- 任务名称 = [myTest2]----------启动成功
2018-07-02 17:25:45,062 [schedulerFactoryBean_Worker-9] INFO  bizDataLogger- 进入反射了=======================
2018-07-02 17:25:45,063 [schedulerFactoryBean_Worker-9] INFO  bizDataLogger- 任务名称 = [myTest2]----------启动成功
2018-07-02 17:25:50,129 [schedulerFactoryBean_Worker-10] INFO  bizDataLogger- 进入反射了=======================
2018-07-02 17:25:50,132 [schedulerFactoryBean_Worker-10] INFO  bizDataLogger- 任务名称 = [myTest]----------启动成功
2018-07-02 17:25:50,287 [schedulerFactoryBean_Worker-1] INFO  bizDataLogger- 进入反射了=======================
2018-07-02 17:25:50,290 [schedulerFactoryBean_Worker-1] INFO  bizDataLogger- 任务名称 = [myTest2]----------启动成功
2018-07-02 17:25:55,112 [schedulerFactoryBean_Worker-2] INFO  bizDataLogger- 进入反射了=======================
2018-07-02 17:25:55,115 [schedulerFactoryBean_Worker-2] INFO  bizDataLogger- 任务名称 = [myTest2]----------启动成功
2018-07-02 17:26:00,052 [schedulerFactoryBean_Worker-3] INFO  bizDataLogger- 进入反射了=======================
2018-07-02 17:26:00,054 [schedulerFactoryBean_Worker-3] INFO  bizDataLogger- 任务名称 = [myTest]----------启动成功
2018-07-02 17:26:00,202 [schedulerFactoryBean_Worker-4] INFO  bizDataLogger- 进入反射了=======================
2018-07-02 17:26:00,214 [schedulerFactoryBean_Worker-4] INFO  bizDataLogger- 任务名称 = [myTest2]----------启动成功
2018-07-02 17:26:05,061 [schedulerFactoryBean_Worker-5] INFO  bizDataLogger- 进入反射了=======================
2018-07-02 17:26:05,062 [schedulerFactoryBean_Worker-5] INFO  bizDataLogger- 任务名称 = [myTest2]----------启动成功
2018-07-02 17:26:10,160 [schedulerFactoryBean_Worker-6] INFO  bizDataLogger- 进入反射了=======================
2018-07-02 17:26:10,164 [schedulerFactoryBean_Worker-6] INFO  bizDataLogger- 任务名称 = [myTest]----------启动成功
2018-07-02 17:26:10,319 [schedulerFactoryBean_Worker-7] INFO  bizDataLogger- 进入反射了=======================
2018-07-02 17:26:10,322 [schedulerFactoryBean_Worker-7] INFO  bizDataLogger- 任务名称 = [myTest2]----------启动成功
2018-07-02 17:26:15,110 [schedulerFactoryBean_Worker-8] INFO  bizDataLogger- 进入反射了=======================
2018-07-02 17:26:15,114 [schedulerFactoryBean_Worker-8] INFO  bizDataLogger- 任务名称 = [myTest2]----------启动成功
2018-07-02 17:26:20,061 [schedulerFactoryBean_Worker-9] INFO  bizDataLogger- 进入反射了=======================
2018-07-02 17:26:20,067 [schedulerFactoryBean_Worker-9] INFO  bizDataLogger- 任务名称 = [myTest]----------启动成功
2018-07-02 17:26:20,326 [schedulerFactoryBean_Worker-10] INFO  bizDataLogger- 进入反射了=======================
2018-07-02 17:26:20,329 [schedulerFactoryBean_Worker-10] INFO  bizDataLogger- 任务名称 = [myTest2]----------启动成功
2018-07-02 17:26:25,127 [schedulerFactoryBean_Worker-1] INFO  bizDataLogger- 进入反射了=======================
2018-07-02 17:26:25,138 [schedulerFactoryBean_Worker-1] INFO  bizDataLogger- 任务名称 = [myTest2]----------启动成功
2018-07-02 17:26:30,084 [schedulerFactoryBean_Worker-2] INFO  bizDataLogger- 进入反射了=======================
2018-07-02 17:26:30,088 [schedulerFactoryBean_Worker-2] INFO  bizDataLogger- 任务名称 = [myTest]----------启动成功
2018-07-02 17:26:30,242 [schedulerFactoryBean_Worker-3] INFO  bizDataLogger- 进入反射了=======================
2018-07-02 17:26:30,243 [schedulerFactoryBean_Worker-3] INFO  bizDataLogger- 任务名称 = [myTest2]----------启动成功
2018-07-02 17:26:35,193 [schedulerFactoryBean_Worker-4] INFO  bizDataLogger- 进入反射了=======================
2018-07-02 17:26:35,199 [schedulerFactoryBean_Worker-4] INFO  bizDataLogger- 任务名称 = [myTest2]----------启动成功
2018-07-02 17:26:40,060 [schedulerFactoryBean_Worker-5] INFO  bizDataLogger- 进入反射了=======================
2018-07-02 17:26:40,071 [schedulerFactoryBean_Worker-5] INFO  bizDataLogger- 任务名称 = [myTest]----------启动成功
2018-07-02 17:26:40,200 [schedulerFactoryBean_Worker-6] INFO  bizDataLogger- 进入反射了=======================
2018-07-02 17:26:40,201 [schedulerFactoryBean_Worker-6] INFO  bizDataLogger- 任务名称 = [myTest2]----------启动成功
2018-07-02 17:26:45,049 [schedulerFactoryBean_Worker-7] INFO  bizDataLogger- 进入反射了=======================
2018-07-02 17:26:45,050 [schedulerFactoryBean_Worker-7] INFO  bizDataLogger- 任务名称 = [myTest2]----------启动成功
2018-07-02 17:26:50,065 [schedulerFactoryBean_Worker-8] INFO  bizDataLogger- 进入反射了=======================
2018-07-02 17:26:50,066 [schedulerFactoryBean_Worker-8] INFO  bizDataLogger- 任务名称 = [myTest]----------启动成功
2018-07-02 17:26:50,216 [schedulerFactoryBean_Worker-9] INFO  bizDataLogger- 进入反射了=======================
2018-07-02 17:26:50,218 [schedulerFactoryBean_Worker-9] INFO  bizDataLogger- 任务名称 = [myTest2]----------启动成功
2018-07-02 17:27:00,936 [main] INFO  bizDataLogger- Server begin init
2018-07-02 17:27:07,221 [main] INFO  bizDataLogger- Server started. port=8099
2018-07-02 17:27:07,893 [schedulerFactoryBean_Worker-1] INFO  bizDataLogger- 进入反射了=======================
2018-07-02 17:27:07,917 [schedulerFactoryBean_Worker-1] INFO  bizDataLogger- 任务名称 = [myTest]----------启动成功
2018-07-02 17:27:08,158 [schedulerFactoryBean_Worker-2] INFO  bizDataLogger- 进入反射了=======================
2018-07-02 17:27:08,171 [schedulerFactoryBean_Worker-2] INFO  bizDataLogger- 任务名称 = [myTest2]----------启动成功
2018-07-02 17:27:10,140 [schedulerFactoryBean_Worker-3] INFO  bizDataLogger- 进入反射了=======================
2018-07-02 17:27:10,142 [schedulerFactoryBean_Worker-3] INFO  bizDataLogger- 任务名称 = [myTest]----------启动成功
2018-07-02 17:27:10,267 [schedulerFactoryBean_Worker-1] INFO  bizDataLogger- 进入反射了=======================
2018-07-02 17:27:10,271 [schedulerFactoryBean_Worker-1] INFO  bizDataLogger- 任务名称 = [myTest2]----------启动成功
2018-07-02 17:28:41,311 [main] INFO  bizDataLogger- Server begin init
2018-07-02 17:28:46,995 [main] INFO  bizDataLogger- Server started. port=8099
2018-07-02 17:28:48,305 [schedulerFactoryBean_Worker-1] INFO  bizDataLogger- 进入反射了=======================
2018-07-02 17:28:48,329 [schedulerFactoryBean_Worker-1] INFO  bizDataLogger- 任务名称 = [myTest]----------启动成功
2018-07-02 17:28:48,434 [schedulerFactoryBean_Worker-2] INFO  bizDataLogger- 进入反射了=======================
2018-07-02 17:28:48,436 [schedulerFactoryBean_Worker-2] INFO  bizDataLogger- 任务名称 = [myTest2]----------启动成功
2018-07-02 17:28:50,068 [schedulerFactoryBean_Worker-3] INFO  bizDataLogger- 进入反射了=======================
2018-07-02 17:28:50,071 [schedulerFactoryBean_Worker-3] INFO  bizDataLogger- 任务名称 = [myTest]----------启动成功
2018-07-02 17:28:50,203 [schedulerFactoryBean_Worker-4] INFO  bizDataLogger- 进入反射了=======================
2018-07-02 17:28:50,210 [schedulerFactoryBean_Worker-4] INFO  bizDataLogger- 任务名称 = [myTest2]----------启动成功
2018-07-02 17:37:14,691 [main] INFO  bizDataLogger- Server begin init
2018-07-02 17:39:51,063 [main] INFO  bizDataLogger- Server begin init
2018-07-02 17:39:56,792 [main] INFO  bizDataLogger- Server started. port=8099
2018-07-02 17:39:57,949 [schedulerFactoryBean_Worker-1] INFO  bizDataLogger- 进入反射了=======================
2018-07-02 17:39:57,987 [schedulerFactoryBean_Worker-1] INFO  bizDataLogger- 任务名称 = [myTest]----------启动成功
2018-07-02 17:39:58,168 [schedulerFactoryBean_Worker-2] INFO  bizDataLogger- 进入反射了=======================
2018-07-02 17:39:58,220 [schedulerFactoryBean_Worker-2] INFO  bizDataLogger- 任务名称 = [myTest2]----------启动成功
2018-07-02 17:51:12,295 [main] INFO  bizDataLogger- Server begin init
2018-07-02 17:51:18,217 [main] INFO  bizDataLogger- Server started. port=8099
2018-07-02 17:51:19,259 [schedulerFactoryBean_Worker-1] INFO  bizDataLogger- 进入反射了=======================
2018-07-02 17:51:19,316 [schedulerFactoryBean_Worker-1] INFO  bizDataLogger- 任务名称 = [myTest]----------启动成功
2018-07-02 17:51:19,430 [schedulerFactoryBean_Worker-2] INFO  bizDataLogger- 进入反射了=======================
2018-07-02 17:51:19,436 [schedulerFactoryBean_Worker-2] INFO  bizDataLogger- 任务名称 = [myTest2]----------启动成功
2018-07-02 17:51:20,068 [schedulerFactoryBean_Worker-3] INFO  bizDataLogger- 进入反射了=======================
2018-07-02 17:51:20,075 [schedulerFactoryBean_Worker-3] INFO  bizDataLogger- 任务名称 = [myTest]----------启动成功
2018-07-02 17:51:20,256 [schedulerFactoryBean_Worker-4] INFO  bizDataLogger- 进入反射了=======================
2018-07-02 17:51:20,263 [schedulerFactoryBean_Worker-4] INFO  bizDataLogger- 任务名称 = [myTest2]----------启动成功
